C51 COMPILER V9.59.0.0   RING                                                              06/21/2020 20:15:46 PAGE 1   


C51 COMPILER V9.59.0.0, COMPILATION OF MODULE RING
OBJECT MODULE PLACED IN .\Objects\ring.obj
COMPILER INVOKED BY: D:\MDK_5\C51\BIN\C51.EXE ring.c OPTIMIZE(8,SPEED) BROWSE DEBUG OBJECTEXTEND PRINT(.\Listings\ring.l
                    -st) TABS(2) OBJECT(.\Objects\ring.obj)

line level    source

   1          #include<reg51.h>
   2          #define DB P0
   3          sbit ring=P3^0;
   4          sbit RS=P3^5;
   5          sbit RW=P3^6;
   6          sbit EN=P3^4;
   7          
   8          
   9          sbit k1=P1^0;
  10          sbit k2=P1^1;
  11          sbit k3=P1^2;
  12          sbit k4=P1^3;
  13          sbit k5=P1^4;
  14          sbit k6=P1^5;
  15          sbit k7=P1^6;
  16          sbit k8=P1^7;
  17          
  18          
  19          unsigned char shield[]={0,0,0,0,0,0,0,0,0,0};
  20          
  21          
  22          unsigned char count=0;
  23          unsigned char timecount=0;
  24          
  25          unsigned char timeflag=0;
  26          
  27          
  28          unsigned char hour1[]={0,2,3,4,6,1,7,8,9,10};
  29          unsigned char min1[]={1,2,3};
  30          
  31          unsigned char hour2[]={0,2,3};
  32          unsigned char min2[]={11,12,22};
  33          
  34          unsigned int beetime[]={10,0,0,0,0,0,0,0,0,0};
  35          unsigned int timerbeetime[]={0,0,0};
  36          
  37          unsigned char function=0;
  38          unsigned char deda=0;
  39          unsigned char string[]="0123456789";
  40          unsigned char hour=0,sec=0,min=0,date=15,month=6,year=20,week=1;
  41          
  42          void delay(unsigned int cnt)
  43          {
  44   1       unsigned char i,j;
  45   1        for(i=0;i<cnt;i++)
  46   1        {
  47   2          for(j=0;j<120;j++);
  48   2        }
  49   1      }
  50          
  51          void w_com(unsigned char conmmand)
  52          {
  53   1        RS=0;
  54   1        RW=0;
C51 COMPILER V9.59.0.0   RING                                                              06/21/2020 20:15:46 PAGE 2   

  55   1        EN=0;
  56   1        DB=conmmand;
  57   1        delay(1);
  58   1        EN=1;
  59   1        delay(1);
  60   1        EN=0;
  61   1      }
  62          void w_data(unsigned int dat)
  63          {
  64   1        RS=1;
  65   1        RW=0;
  66   1        EN=0;
  67   1        DB=dat;
  68   1        delay(1);
  69   1        EN=1;
  70   1        delay(1);
  71   1        EN=0;
  72   1      }
  73            
  74          void init()
  75          {
  76   1        delay(15);
  77   1        w_com(0x38);delay(5);
  78   1        w_com(0x0c);delay(5);
  79   1        w_com(0x06);delay(5);
  80   1        w_com(0x01);delay(5);
  81   1        w_com(0x80);delay(5);
  82   1      }
  83          void show()
  84          {
  85   1        w_com(0x80+0x00);
  86   1          w_data('2');
  87   1          w_data('0');
  88   1          w_data(string[year/10]);
  89   1          w_data(string[year%10]);
  90   1          w_data('-');
  91   1        
  92   1          w_data(string[month/10]);
  93   1          w_data(string[month%10]);
  94   1          w_data('-');
  95   1        
  96   1          w_data(string[date/10]);
  97   1          w_data(string[date%10]);
  98   1          w_data(' ');
  99   1          w_data('d');
 100   1          w_data('a');
 101   1          w_data('y');
 102   1          w_data(':');
 103   1          w_data(string[week%10]);
 104   1        
 105   1        w_com(0x80+0x40);
 106   1          w_data(' ');
 107   1          w_data(' ');
 108   1          w_data(' ');
 109   1          w_data(' ');
 110   1          w_data(string[hour/10]);
 111   1          w_data(string[hour%10]);
 112   1          w_data(':');
 113   1        
 114   1          w_data(string[min/10]);
 115   1          w_data(string[min%10]);
 116   1          w_data(':');
C51 COMPILER V9.59.0.0   RING                                                              06/21/2020 20:15:46 PAGE 3   

 117   1        
 118   1          w_data(string[sec/10]);
 119   1          w_data(string[sec%10]);
 120   1          w_data(' ');
 121   1          w_data(' ');
 122   1          w_data(' ');
 123   1          w_data(' ');
 124   1          w_data(' ');
 125   1      
 126   1          delay(1); 
 127   1          
 128   1      }
 129          
 130          void inter_month()
 131          {
 132   1        switch(month)
 133   1        {
 134   2          case 1:
 135   2          case 3:
 136   2          case 5:
 137   2          case 7:
 138   2          case 8:
 139   2          case 10:
 140   2          case 12:if(date==32)
 141   2                  {
 142   3                    date=1;
 143   3                    month++;
 144   3                    if(month==13)
 145   3                    {
 146   4                      month=1;
 147   4                      year++;
 148   4                    }
 149   3                  };
 150   2                  break;
 151   2          case 4:
 152   2          case 6:
 153   2          case 9:
 154   2          case 11:if(date==31)
 155   2                  {
 156   3                    date=1;
 157   3                    month++;
 158   3                    if(month==13)
 159   3                    {
 160   4                      month=1;
 161   4                      year++;
 162   4                    }
 163   3                  };
 164   2                  break;
 165   2          case 2:if(year%4==0)
 166   2                {
 167   3                  if(date==30)
 168   3                  {
 169   4                    date=1;
 170   4                    month++;
 171   4                  }
 172   3                }
 173   2                else
 174   2                {
 175   3                  if(date==29)
 176   3                  {
 177   4                    date=1;
 178   4                    month++;
C51 COMPILER V9.59.0.0   RING                                                              06/21/2020 20:15:46 PAGE 4   

 179   4                  }
 180   3                };
 181   2                break;
 182   2          default:break;
 183   2        }
 184   1      }
 185          
 186          void inter_month1()
 187          {
 188   1        switch(month)
 189   1        {
 190   2          case 1:
 191   2          case 3:
 192   2          case 5:
 193   2          case 7:
 194   2          case 8:
 195   2          case 10:
 196   2          case 12:if(date==32)
 197   2                  {
 198   3                    date=1;
 199   3                    
 200   3                    if(month==13)
 201   3                    {
 202   4                      month=1;
 203   4                      
 204   4                    }
 205   3                  };
 206   2                  break;
 207   2          case 4:
 208   2          case 6:
 209   2          case 9:
 210   2          case 11:if(date==31)
 211   2                  {
 212   3                    date=1;
 213   3                    
 214   3                    if(month==13)
 215   3                    {
 216   4                      month=1;
 217   4                    
 218   4                    }
 219   3                  };
 220   2                  break;
 221   2          case 2:if(year%4==0)
 222   2                {
 223   3                  if(date==30)
 224   3                  {
 225   4                    date=1;
 226   4                  
 227   4                  }
 228   3                }
 229   2                else
 230   2                {
 231   3                  if(date==29)
 232   3                  {
 233   4                    date=1;
 234   4                    
 235   4                  }
 236   3                };
 237   2                break;
 238   2          default:break;
 239   2        }
 240   1      }
C51 COMPILER V9.59.0.0   RING                                                              06/21/2020 20:15:46 PAGE 5   

 241          void conv()
 242          {
 243   1        if(sec==60)
 244   1        {
 245   2          min++;
 246   2          sec=0;
 247   2          if(min==60)
 248   2          {
 249   3            min=0;
 250   3            hour++;
 251   3            if(hour==24)
 252   3            {
 253   4              hour=0;
 254   4              date++;
 255   4              inter_month();
 256   4              if(month==13)
 257   4              {
 258   5                year++;
 259   5                month=1;
 260   5                if(year==100)
 261   5                  year=0;
 262   5              }
 263   4            }
 264   3          }
 265   2        }
 266   1      }
 267          void init_timer()
 268          {
 269   1        TMOD=0x01;
 270   1        TH0=(65535-50000)/256;
 271   1        TL0=(65535-50000)%256;
 272   1        EA=1;
 273   1        ET0=1;
 274   1        TR0=1;
 275   1      }
 276          
 277          
 278          void set_time()
 279          {
 280   1        if(!k2)
 281   1        {
 282   2          delay(150);
 283   2          if(!k2)
 284   2          {
 285   3            year++;
 286   3          }
 287   2        }
 288   1        if(!k3)
 289   1        {
 290   2          delay(150);
 291   2          if(!k3)
 292   2          {
 293   3            year--;
 294   3          }
 295   2        }
 296   1        if(!k4)
 297   1        {
 298   2          delay(150);
 299   2          if(!k4)
 300   2          {
 301   3            month++;
 302   3            if(month==13)
C51 COMPILER V9.59.0.0   RING                                                              06/21/2020 20:15:46 PAGE 6   

 303   3              month=1;
 304   3          }
 305   2        }
 306   1        if(!k5)
 307   1        {
 308   2          delay(150);
 309   2          if(!k5)
 310   2          {
 311   3            date++;
 312   3            inter_month1();
 313   3          }
 314   2        }
 315   1        if(!k6)
 316   1        {
 317   2          delay(150);
 318   2          if(!k6)
 319   2          {
 320   3            hour++;
 321   3            if(hour==24)
 322   3              hour=0;
 323   3          }
 324   2        }
 325   1        if(!k7)
 326   1        {
 327   2          delay(150);
 328   2          if(!k7)
 329   2          {
 330   3            min++;
 331   3            if(min==60)
 332   3              min=0;
 333   3          }
 334   2        }
 335   1        if(!k8)
 336   1        {
 337   2          delay(150);
 338   2          if(!k8)
 339   2          {
 340   3            week++;
 341   3            if(week==8)
 342   3              week=1;
 343   3          }
 344   2        }
 345   1      }
 346          
 347          
 348          show1()
 349          {
 350   1        w_com(0x80+0x00);
 351   1      
 352   1        w_data('n');
 353   1        w_data('u');
 354   1        w_data('m');
 355   1        w_data(':');
 356   1          w_data(string[count/10]);
 357   1          w_data(string[count%10]);
 358   1        //  w_data(':');
 359   1          w_data(' ');
 360   1          w_data(' ');
 361   1          w_data(' ');
 362   1          w_data(string[hour1[count]/10]);
 363   1          w_data(string[hour1[count]%10]);
 364   1          w_data(':');
C51 COMPILER V9.59.0.0   RING                                                              06/21/2020 20:15:46 PAGE 7   

 365   1      
 366   1          w_data(string[min1[count]/10]);
 367   1          w_data(string[min1[count]%10]);
 368   1      
 369   1        w_data(' ');
 370   1        w_data(' ');
 371   1        
 372   1          delay(1); 
 373   1        
 374   1        w_com(0x80+0x40);
 375   1        w_data('t');
 376   1        w_data('i');
 377   1        w_data('m');
 378   1        w_data('e');
 379   1        w_data('.');
 380   1          w_data(string[beetime[count]/10]);
 381   1          w_data(string[beetime[count]%10]);
 382   1            w_data(' ');
 383   1          w_data('s');
 384   1          w_data('h');
 385   1          w_data('e');
 386   1          w_data('i');
 387   1          w_data('l');
 388   1          w_data('d');
 389   1          w_data('.');
 390   1          if(shield==0)
 391   1            w_data('N');
 392   1          else
 393   1            w_data('Y');
 394   1          
 395   1      }
 396          show2()
 397          {
 398   1        w_com(0x80+0x00);
 399   1      
 400   1        w_data('n');
 401   1        w_data('u');
 402   1        w_data('m');
 403   1        w_data(':');
 404   1          w_data(string[timecount/10]);
 405   1          w_data(string[timecount%10]);
 406   1        //  w_data(':');
 407   1          w_data(' ');
 408   1          w_data(' ');
 409   1          w_data(' ');
 410   1          w_data(string[hour2[timecount]/10]);
 411   1          w_data(string[hour2[timecount]%10]);
 412   1          w_data(':');
 413   1      
 414   1          w_data(string[min2[timecount]/10]);
 415   1          w_data(string[min2[timecount]%10]);
 416   1      
 417   1        w_data(' ');
 418   1        w_data(' ');
 419   1        
 420   1          delay(1); 
 421   1        
 422   1        w_com(0x80+0x40);
 423   1        w_data('t');
 424   1        w_data('i');
 425   1        w_data('m');
 426   1        w_data('e');
C51 COMPILER V9.59.0.0   RING                                                              06/21/2020 20:15:46 PAGE 8   

 427   1        w_data('.');
 428   1          w_data(string[timerbeetime[timecount]/10]);
 429   1          w_data(string[timerbeetime[timecount]%10]);
 430   1            w_data(' ');
 431   1            w_data(' ');
 432   1            w_data(' ');
 433   1            w_data(' ');
 434   1            w_data(' ');
 435   1            w_data(' ');
 436   1            w_data(' ');
 437   1            w_data(' ');
 438   1            w_data(' ');
 439   1          delay(1);
 440   1      }
 441          void set_bee()
 442          {
 443   1        if(timeflag==0)
 444   1        {
 445   2          if(!k2)
 446   2          {
 447   3            delay(150);
 448   3            if(!k2)
 449   3            {
 450   4              hour1[count]++;
 451   4              if(hour1[count]==24)
 452   4                hour1[count]=0;
 453   4            }
 454   3          }
 455   2          if(!k2)
 456   2          {
 457   3            delay(150);
 458   3            if(!k3)
 459   3            {
 460   4              min1[count]++;
 461   4              if(min1[count]==60)
 462   4                min1[count]=0;
 463   4            }
 464   3          }
 465   2          if(!k4)
 466   2          {
 467   3            delay(150);
 468   3            if(!k4)
 469   3            {
 470   4              count++;
 471   4              if(count==10)
 472   4                count=0;
 473   4            }
 474   3          }
 475   2          if(!k5)
 476   2          {
 477   3            delay(150);
 478   3            if(!k5)
 479   3            {
 480   4              count--;
 481   4              if(count=0)
*** WARNING C276 IN LINE 481 OF ring.c: constant in condition expression
 482   4                count=9;
 483   4            }
 484   3          }
 485   2          if(!k6)
 486   2          {
 487   3            delay(150);
C51 COMPILER V9.59.0.0   RING                                                              06/21/2020 20:15:46 PAGE 9   

 488   3            if(!k6)
 489   3            {
 490   4              beetime[count]++;
 491   4              if(beetime[count]==61)
 492   4                beetime[count]=0;
 493   4            }
 494   3          }
 495   2          if(!k7)
 496   2          {
 497   3            delay(150);
 498   3            if(!k7)
 499   3            {
 500   4              shield[count]++;
 501   4              if(shield[count]==2)
 502   4                shield[count]=0;
 503   4            }
 504   3          }
 505   2          if(!k8)
 506   2          {
 507   3            delay(150);
 508   3            if(!k8)
 509   3            {
 510   4              timeflag++;
 511   4              if(timeflag==2)
 512   4                timeflag=0;
 513   4            }
 514   3          }
 515   2        }
 516   1        else if(timeflag==1)
 517   1        {
 518   2          if(!k2)
 519   2          {
 520   3            delay(150);
 521   3            if(!k2)
 522   3            {
 523   4              hour2[timecount]++;
 524   4              if(hour2[timecount]==24)
 525   4                hour2[timecount]=0;
 526   4            }
 527   3          }
 528   2          if(!k2)
 529   2          {
 530   3            delay(150);
 531   3            if(!k3)
 532   3            {
 533   4              min2[timecount]++;
 534   4              if(min2==60)
 535   4                min2[timecount]=0;
 536   4            }
 537   3          }
 538   2          if(!k4)
 539   2          {
 540   3            delay(150);
 541   3            if(!k4)
 542   3            {
 543   4              timecount++;
 544   4              if(timecount==5)
 545   4                timecount=0;
 546   4            }
 547   3          }
 548   2          if(!k5)
 549   2          {
C51 COMPILER V9.59.0.0   RING                                                              06/21/2020 20:15:46 PAGE 10  

 550   3            delay(150);
 551   3            if(!k5)
 552   3            {
 553   4              timecount--;
 554   4              if(timecount==0)
 555   4                timecount=2;
 556   4            }
 557   3          }
 558   2          if(!k6)
 559   2          {
 560   3            delay(150);
 561   3            if(!k6)
 562   3            {
 563   4              timerbeetime[timecount]++;
 564   4              if(beetime[timecount]==61)
 565   4                timerbeetime[timecount]=0;
 566   4            }
 567   3          }
 568   2          if(!k8)
 569   2          {
 570   3            delay(150);
 571   3            if(!k8)
 572   3            {
 573   4              timeflag++;
 574   4              if(timeflag==2)
 575   4                timeflag=0;
 576   4            }
 577   3          }
 578   2        }
 579   1      }
 580          
 581          void compare()
 582          {
 583   1        unsigned i;
 584   1        unsigned j;
 585   1        for(i=0;i<10;i++)
 586   1        {
 587   2          if(min==min1[i]&&hour==hour1[i]&&sec<=beetime[i]&&week!=6&&week!=7&&shield[i]==0)
 588   2          {
 589   3                ring=1;delay(80);
 590   3          }
 591   2          else
 592   2            ring=0;
 593   2        }
 594   1        for(j=0;j<10;j++)
 595   1        {
 596   2          if(min==min2[j]&&hour==hour2[j]&&sec<=beetime[j]&&week!=6&&week!=7)
 597   2          {
 598   3                ring=1;delay(80);
 599   3              timerbeetime[j]=timerbeetime[j]-sec;
 600   3          }
 601   2          else
 602   2            ring=0;
 603   2        }
 604   1      }
 605          void cls()
 606          {
 607   1        w_com(0x80+0x00);
 608   1          w_data(' ');
 609   1          w_data(' ');
 610   1          w_data(' ');
 611   1          w_data(' ');
C51 COMPILER V9.59.0.0   RING                                                              06/21/2020 20:15:46 PAGE 11  

 612   1          w_data(' ');
 613   1          w_data(' ');
 614   1          w_data(' ');
 615   1          w_data(' ');
 616   1          w_data(' ');
 617   1          w_data(' ');
 618   1          w_data(' ');
 619   1        w_data(' ');
 620   1          w_data(' ');
 621   1          w_data(' ');
 622   1          w_data(' ');
 623   1          w_data(' ');
 624   1          w_data(' ');
 625   1          w_data(' ');
 626   1          w_data(' ');
 627   1          w_data(' ');
 628   1          w_data(' ');
 629   1          w_data(' ');
 630   1        
 631   1        
 632   1        w_com(0x80+0x40);
 633   1          w_data(' ');
 634   1          w_data(' ');
 635   1          w_data(' ');
 636   1          w_data(' ');
 637   1          w_data(' ');
 638   1          w_data(' ');
 639   1          w_data(' ');
 640   1          w_data(' ');
 641   1          w_data(' ');
 642   1          w_data(' ');
 643   1          w_data(' ');
 644   1          w_data(' ');
 645   1          w_data(' ');
 646   1          w_data(' ');
 647   1          w_data(' ');
 648   1          w_data(' ');
 649   1          w_data(' ');
 650   1          w_data(' ');
 651   1          w_data(' ');
 652   1          w_data(' ');
 653   1          w_data(' ');
 654   1          w_data(' ');
 655   1      }
 656          
 657          
 658          
 659          void main()
 660          {
 661   1        init();
 662   1        init_timer();
 663   1        delay(200);
 664   1        ring=0;
 665   1        while(1)
 666   1        {
 667   2          if(!k1)
 668   2          {
 669   3            delay(150);
 670   3            if(!k1)
 671   3            {
 672   4              function++;
 673   4              if(function==3)
C51 COMPILER V9.59.0.0   RING                                                              06/21/2020 20:15:46 PAGE 12  

 674   4                function=0;
 675   4            }
 676   3          }
 677   2          if(function==0)
 678   2          {
 679   3            EA=1;
 680   3            ET0=1;
 681   3            TR0=1;
 682   3            show();
 683   3          }
 684   2          else if(function==1)
 685   2          {
 686   3            EA=0;
 687   3            ET0=0;
 688   3            TR0=0;
 689   3            set_time();
 690   3            show();
 691   3          }
 692   2          else if(function==2)
 693   2          {
 694   3            EA=1;
 695   3            ET0=1;
 696   3            TR0=1;
 697   3            set_bee();
 698   3            if(timeflag==0)
 699   3              show1();
 700   3            else
 701   3              show2();
 702   3          }
 703   2          compare();
 704   2        }
 705   1      }
 706          void T0_srv(void)interrupt 1
 707          {
 708   1        TH0=(65535-50000)/256;
 709   1        TL0=(65535-50000)%256;
 710   1        deda++;
 711   1        if(deda==20)
 712   1        {
 713   2          sec++;
 714   2          deda=0;
 715   2          conv();
 716   2        }
 717   1      }
*** WARNING C290 IN LINE 395 OF ring.c: missing return value
*** WARNING C290 IN LINE 440 OF ring.c: missing return value
*** WARNING C294 IN LINE 482 OF ring.c: unreachable code


MODULE INFORMATION:   STATIC OVERLAYABLE
   CODE SIZE        =   2360    ----
   CONSTANT SIZE    =   ----    ----
   XDATA SIZE       =   ----    ----
   PDATA SIZE       =   ----    ----
   DATA SIZE        =     78    ----
   IDATA SIZE       =   ----    ----
   BIT SIZE         =   ----    ----
END OF MODULE INFORMATION.


C51 COMPILATION COMPLETE.  4 WARNING(S),  0 ERROR(S)
