生成启动时间为 2019/12/27 22:04:23。
     1>项目“C:\Users\10614\Documents\Visual Studio 2010\Projects\数据结构项目\数据结构项目\数据结构项目.vcxproj”在节点 2 上(build 个目标)。
     1>InitializeBuildStatus:
         正在创建“Debug\数据结构项目.unsuccessfulbuild”，因为已指定“AlwaysCreate”。
       ClCompile:
         E:\vs\VC\bin\CL.exe /c /ZI /nologo /W3 /WX- /Od /Oy- /D WIN32 /D _DEBUG /D _CONSOLE /D _UNICODE /D UNICODE /Gm /EHsc /RTC1 /MDd /GS /fp:precise /Zc:wchar_t /Zc:forScope /Fo"Debug\\" /Fd"Debug\vc100.pdb" /Gd /TP /analyze- /errorReport:prompt "源.cpp"
         源.cpp
     1>c:\users\10614\documents\visual studio 2010\projects\数据结构项目\数据结构项目\源.cpp(408): warning C4244: “参数”: 从“int”转换到“float”，可能丢失数据
     1>c:\users\10614\documents\visual studio 2010\projects\数据结构项目\数据结构项目\源.cpp(451): warning C4244: “参数”: 从“int”转换到“float”，可能丢失数据
     1>c:\users\10614\documents\visual studio 2010\projects\数据结构项目\数据结构项目\源.cpp(576): warning C4101: “a”: 未引用的局部变量
     1>c:\users\10614\documents\visual studio 2010\projects\数据结构项目\数据结构项目\源.cpp(576): warning C4101: “b”: 未引用的局部变量
     1>c:\users\10614\documents\visual studio 2010\projects\数据结构项目\数据结构项目\源.cpp(688): warning C4244: “参数”: 从“int”转换到“float”，可能丢失数据
     1>c:\users\10614\documents\visual studio 2010\projects\数据结构项目\数据结构项目\源.cpp(713): warning C4244: “参数”: 从“int”转换到“float”，可能丢失数据
     1>c:\users\10614\documents\visual studio 2010\projects\数据结构项目\数据结构项目\源.cpp(737): warning C4244: “参数”: 从“int”转换到“float”，可能丢失数据
     1>c:\users\10614\documents\visual studio 2010\projects\数据结构项目\数据结构项目\源.cpp(761): warning C4244: “参数”: 从“int”转换到“float”，可能丢失数据
     1>c:\users\10614\documents\visual studio 2010\projects\数据结构项目\数据结构项目\源.cpp(785): warning C4244: “参数”: 从“int”转换到“float”，可能丢失数据
     1>c:\users\10614\documents\visual studio 2010\projects\数据结构项目\数据结构项目\源.cpp(809): warning C4244: “参数”: 从“int”转换到“float”，可能丢失数据
     1>c:\users\10614\documents\visual studio 2010\projects\数据结构项目\数据结构项目\源.cpp(832): warning C4244: “参数”: 从“int”转换到“float”，可能丢失数据
     1>c:\users\10614\documents\visual studio 2010\projects\数据结构项目\数据结构项目\源.cpp(855): warning C4244: “参数”: 从“int”转换到“float”，可能丢失数据
     1>c:\users\10614\documents\visual studio 2010\projects\数据结构项目\数据结构项目\源.cpp(878): warning C4244: “参数”: 从“int”转换到“float”，可能丢失数据
     1>c:\users\10614\documents\visual studio 2010\projects\数据结构项目\数据结构项目\源.cpp(901): warning C4244: “参数”: 从“int”转换到“float”，可能丢失数据
     1>c:\users\10614\documents\visual studio 2010\projects\数据结构项目\数据结构项目\源.cpp(641): warning C4101: “SEN2”: 未引用的局部变量
     1>c:\users\10614\documents\visual studio 2010\projects\数据结构项目\数据结构项目\源.cpp(645): warning C4101: “ty”: 未引用的局部变量
     1>c:\users\10614\documents\visual studio 2010\projects\数据结构项目\数据结构项目\源.cpp(641): warning C4101: “SEN1”: 未引用的局部变量
     1>c:\users\10614\documents\visual studio 2010\projects\数据结构项目\数据结构项目\源.cpp(645): warning C4101: “tx”: 未引用的局部变量
     1>c:\users\10614\documents\visual studio 2010\projects\数据结构项目\数据结构项目\源.cpp(642): warning C4101: “control”: 未引用的局部变量
     1>c:\users\10614\documents\visual studio 2010\projects\数据结构项目\数据结构项目\源.cpp(1038): warning C4258: “i”: 忽略 For 循环中的定义；使用封闭范围中的定义
                 c:\users\10614\documents\visual studio 2010\projects\数据结构项目\数据结构项目\源.cpp(1034) : 忽略“i”的定义
                 c:\users\10614\documents\visual studio 2010\projects\数据结构项目\数据结构项目\源.cpp(1026) : 使用“i”的定义
     1>c:\users\10614\documents\visual studio 2010\projects\数据结构项目\数据结构项目\源.cpp(1028): warning C4101: “w”: 未引用的局部变量
     1>c:\users\10614\documents\visual studio 2010\projects\数据结构项目\数据结构项目\源.cpp(1031): warning C4101: “P”: 未引用的局部变量
     1>c:\users\10614\documents\visual studio 2010\projects\数据结构项目\数据结构项目\源.cpp(1028): warning C4101: “k”: 未引用的局部变量
     1>c:\users\10614\documents\visual studio 2010\projects\数据结构项目\数据结构项目\源.cpp(1033): warning C4101: “D”: 未引用的局部变量
     1>c:\users\10614\documents\visual studio 2010\projects\数据结构项目\数据结构项目\源.cpp(1030): warning C4101: “G”: 未引用的局部变量
     1>c:\users\10614\documents\visual studio 2010\projects\数据结构项目\数据结构项目\源.cpp(1085): warning C4244: “参数”: 从“int”转换到“float”，可能丢失数据
     1>c:\users\10614\documents\visual studio 2010\projects\数据结构项目\数据结构项目\源.cpp(1095): warning C4244: “参数”: 从“int”转换到“float”，可能丢失数据
     1>c:\users\10614\documents\visual studio 2010\projects\数据结构项目\数据结构项目\源.cpp(1104): warning C4244: “参数”: 从“int”转换到“float”，可能丢失数据
     1>c:\users\10614\documents\visual studio 2010\projects\数据结构项目\数据结构项目\源.cpp(1113): warning C4244: “参数”: 从“int”转换到“float”，可能丢失数据
     1>c:\users\10614\documents\visual studio 2010\projects\数据结构项目\数据结构项目\源.cpp(1122): warning C4244: “参数”: 从“int”转换到“float”，可能丢失数据
     1>c:\users\10614\documents\visual studio 2010\projects\数据结构项目\数据结构项目\源.cpp(1131): warning C4244: “参数”: 从“int”转换到“float”，可能丢失数据
     1>c:\users\10614\documents\visual studio 2010\projects\数据结构项目\数据结构项目\源.cpp(1139): warning C4244: “参数”: 从“int”转换到“float”，可能丢失数据
     1>c:\users\10614\documents\visual studio 2010\projects\数据结构项目\数据结构项目\源.cpp(1147): warning C4244: “参数”: 从“int”转换到“float”，可能丢失数据
     1>c:\users\10614\documents\visual studio 2010\projects\数据结构项目\数据结构项目\源.cpp(1155): warning C4244: “参数”: 从“int”转换到“float”，可能丢失数据
     1>c:\users\10614\documents\visual studio 2010\projects\数据结构项目\数据结构项目\源.cpp(1163): warning C4244: “参数”: 从“int”转换到“float”，可能丢失数据
     1>c:\users\10614\documents\visual studio 2010\projects\数据结构项目\数据结构项目\源.cpp(1049): warning C4101: “b”: 未引用的局部变量
     1>c:\users\10614\documents\visual studio 2010\projects\数据结构项目\数据结构项目\源.cpp(1184): warning C4101: “k”: 未引用的局部变量
     1>c:\users\10614\documents\visual studio 2010\projects\数据结构项目\数据结构项目\源.cpp(1315): warning C4996: 'getch': The POSIX name for this item is deprecated. Instead, use the ISO C++ conformant name: _getch. See online help for details.
                 e:\vs\vc\include\conio.h(128) : 参见“getch”的声明
     1>c:\users\10614\documents\visual studio 2010\projects\数据结构项目\数据结构项目\源.cpp(524): warning C4715: “circlejuge”: 不是所有的控件路径都返回值
       ManifestResourceCompile:
         所有输出均为最新。
       Link:
         E:\vs\VC\bin\link.exe /ERRORREPORT:PROMPT /OUT:"C:\Users\10614\Documents\Visual Studio 2010\Projects\数据结构项目\Debug\数据结构项目.exe" /INCREMENTAL /NOLOGO kernel32.lib user32.lib gdi32.lib winspool.lib comdlg32.lib advapi32.lib shell32.lib ole32.lib oleaut32.lib uuid.lib odbc32.lib odbccp32.lib /MANIFEST /ManifestFile:"Debug\数据结构项目.exe.intermediate.manifest" /MANIFESTUAC:"level='asInvoker' uiAccess='false'" /DEBUG /PDB:"C:\Users\10614\Documents\Visual Studio 2010\Projects\数据结构项目\Debug\数据结构项目.pdb" /SUBSYSTEM:CONSOLE /TLBID:1 /DYNAMICBASE /NXCOMPAT /IMPLIB:"C:\Users\10614\Documents\Visual Studio 2010\Projects\数据结构项目\Debug\数据结构项目.lib" /MACHINE:X86 "Debug\数据结构项目.exe.embed.manifest.res"
         "Debug\源.obj"
       Manifest:
         C:\Program Files (x86)\Microsoft SDKs\Windows\v7.0A\bin\mt.exe /nologo /verbose /out:"Debug\数据结构项目.exe.embed.manifest" /manifest "Debug\数据结构项目.exe.intermediate.manifest"
         所有输出均为最新。
       LinkEmbedManifest:
         所有输出均为最新。
         数据结构项目.vcxproj -> C:\Users\10614\Documents\Visual Studio 2010\Projects\数据结构项目\Debug\数据结构项目.exe
       FinalizeBuildStatus:
         正在删除文件“Debug\数据结构项目.unsuccessfulbuild”。
         正在对“Debug\数据结构项目.lastbuildstate”执行 Touch 任务。
     1>已完成生成项目“C:\Users\10614\Documents\Visual Studio 2010\Projects\数据结构项目\数据结构项目\数据结构项目.vcxproj”(build 个目标)的操作。

生成成功。

已用时间 00:00:01.22
