生成启动时间为 2019/12/26 9:14:47。
     1>项目“C:\Users\10614\Desktop\重要信息\1807004223高天琦\大鱼吃小鱼\C语言项目\C语言项目.vcxproj”在节点 2 上(build 个目标)。
     1>InitializeBuildStatus:
         正在创建“Debug\C语言项目.unsuccessfulbuild”，因为已指定“AlwaysCreate”。
       ClCompile:
         E:\vs\VC\bin\CL.exe /c /ZI /nologo /W3 /WX- /Od /Oy- /D WIN32 /D _DEBUG /D _CONSOLE /D _UNICODE /D UNICODE /Gm /EHsc /RTC1 /MDd /GS /fp:precise /Zc:wchar_t /Zc:forScope /Fo"Debug\\" /Fd"Debug\vc100.pdb" /Gd /TP /analyze- /errorReport:prompt "是.cpp"
         是.cpp
     1>c:\users\10614\desktop\重要信息\1807004223高天琦\大鱼吃小鱼\c语言项目\是.cpp(83): warning C4996: 'kbhit': The POSIX name for this item is deprecated. Instead, use the ISO C++ conformant name: _kbhit. See online help for details.
                 e:\vs\vc\include\conio.h(130) : 参见“kbhit”的声明
     1>c:\users\10614\desktop\重要信息\1807004223高天琦\大鱼吃小鱼\c语言项目\是.cpp(127): warning C4996: 'getch': The POSIX name for this item is deprecated. Instead, use the ISO C++ conformant name: _getch. See online help for details.
                 e:\vs\vc\include\conio.h(128) : 参见“getch”的声明
     1>c:\users\10614\desktop\重要信息\1807004223高天琦\大鱼吃小鱼\c语言项目\是.cpp(1057): warning C4996: 'sprintf': This function or variable may be unsafe. Consider using sprintf_s instead. To disable deprecation, use _CRT_SECURE_NO_WARNINGS. See online help for details.
                 e:\vs\vc\include\stdio.h(371) : 参见“sprintf”的声明
     1>c:\users\10614\desktop\重要信息\1807004223高天琦\大鱼吃小鱼\c语言项目\是.cpp(1067): warning C4996: 'sprintf': This function or variable may be unsafe. Consider using sprintf_s instead. To disable deprecation, use _CRT_SECURE_NO_WARNINGS. See online help for details.
                 e:\vs\vc\include\stdio.h(371) : 参见“sprintf”的声明
     1>c:\users\10614\desktop\重要信息\1807004223高天琦\大鱼吃小鱼\c语言项目\是.cpp(1147): warning C4244: “参数”: 从“time_t”转换到“unsigned int”，可能丢失数据
     1>c:\users\10614\desktop\重要信息\1807004223高天琦\大鱼吃小鱼\c语言项目\是.cpp(1366): warning C4101: “x3”: 未引用的局部变量
     1>c:\users\10614\desktop\重要信息\1807004223高天琦\大鱼吃小鱼\c语言项目\是.cpp(1518): warning C4996: 'getch': The POSIX name for this item is deprecated. Instead, use the ISO C++ conformant name: _getch. See online help for details.
                 e:\vs\vc\include\conio.h(128) : 参见“getch”的声明
       ManifestResourceCompile:
         C:\Program Files (x86)\Microsoft SDKs\Windows\v7.0A\bin\rc.exe /nologo /fo"Debug\C语言项目.exe.embed.manifest.res" "Debug\C语言项目_manifest.rc" 
       Link:
         E:\vs\VC\bin\link.exe /ERRORREPORT:PROMPT /OUT:"C:\Users\10614\Desktop\重要信息\1807004223高天琦\大鱼吃小鱼\Debug\C语言项目.exe" /INCREMENTAL /NOLOGO kernel32.lib user32.lib gdi32.lib winspool.lib comdlg32.lib advapi32.lib shell32.lib ole32.lib oleaut32.lib uuid.lib odbc32.lib odbccp32.lib /MANIFEST /ManifestFile:"Debug\C语言项目.exe.intermediate.manifest" /MANIFESTUAC:"level='asInvoker' uiAccess='false'" /DEBUG /PDB:"C:\Users\10614\Desktop\重要信息\1807004223高天琦\大鱼吃小鱼\Debug\C语言项目.pdb" /SUBSYSTEM:CONSOLE /TLBID:1 /DYNAMICBASE /NXCOMPAT /IMPLIB:"C:\Users\10614\Desktop\重要信息\1807004223高天琦\大鱼吃小鱼\Debug\C语言项目.lib" /MACHINE:X86 "Debug\C语言项目.exe.embed.manifest.res"
         "Debug\是.obj"
       Manifest:
         C:\Program Files (x86)\Microsoft SDKs\Windows\v7.0A\bin\mt.exe /nologo /verbose /out:"Debug\C语言项目.exe.embed.manifest" /manifest "Debug\C语言项目.exe.intermediate.manifest"
         所有输出均为最新。
       LinkEmbedManifest:
         所有输出均为最新。
         C语言项目.vcxproj -> C:\Users\10614\Desktop\重要信息\1807004223高天琦\大鱼吃小鱼\Debug\C语言项目.exe
       FinalizeBuildStatus:
         正在删除文件“Debug\C语言项目.unsuccessfulbuild”。
         正在对“Debug\C语言项目.lastbuildstate”执行 Touch 任务。
     1>已完成生成项目“C:\Users\10614\Desktop\重要信息\1807004223高天琦\大鱼吃小鱼\C语言项目\C语言项目.vcxproj”(build 个目标)的操作。

生成成功。

已用时间 00:00:02.17
